[17-Mar-2025 14:24:58 UTC] Track appointment request received: {"tracking_number":"APT-20250320-7D3275"}
[17-Mar-2025 14:24:58 UTC] Tracking number: APT-20250320-7D3275
[17-Mar-2025 14:24:58 UTC] PHP Fatal error:  Uncaught Error: Call to undefined method Database::prepare() in C:\wamp64\www\health-recording-system\app\models\Appointment.php:17
Stack trace:
#0 C:\wamp64\www\health-recording-system\app\controllers\HomeController.php(112): app\models\Appointment->getAppointmentByTrackingNumber('APT-20250320-7D...')
#1 C:\wamp64\www\health-recording-system\app\core\Router.php(73): app\controllers\HomeController->track_appointment()
#2 C:\wamp64\www\health-recording-system\app\core\Router.php(52): app\core\Router->callAction(Object(app\controllers\HomeController), 'track_appointme...')
#3 C:\wamp64\www\health-recording-system\public\index.php(12): app\core\Router->direct('/track-appointm...', 'POST')
#4 {main}
  thrown in C:\wamp64\www\health-recording-system\app\models\Appointment.php on line 17
[17-Mar-2025 14:26:17 UTC] Track appointment request received: {"tracking_number":"APT-20250320-7D3275"}
[17-Mar-2025 14:26:17 UTC] Tracking number: APT-20250320-7D3275
[17-Mar-2025 14:26:17 UTC] PHP Fatal error:  Uncaught Error: Call to undefined method Database::prepare() in C:\wamp64\www\health-recording-system\app\models\Appointment.php:17
Stack trace:
#0 C:\wamp64\www\health-recording-system\app\controllers\HomeController.php(112): app\models\Appointment->getAppointmentByTrackingNumber('APT-20250320-7D...')
#1 C:\wamp64\www\health-recording-system\app\core\Router.php(73): app\controllers\HomeController->track_appointment()
#2 C:\wamp64\www\health-recording-system\app\core\Router.php(52): app\core\Router->callAction(Object(app\controllers\HomeController), 'track_appointme...')
#3 C:\wamp64\www\health-recording-system\public\index.php(12): app\core\Router->direct('/track-appointm...', 'POST')
#4 {main}
  thrown in C:\wamp64\www\health-recording-system\app\models\Appointment.php on line 17
[17-Mar-2025 14:29:01 UTC] Track appointment request received: {"tracking_number":"APT-20250320-7D3275"}
[17-Mar-2025 14:29:01 UTC] Tracking number: APT-20250320-7D3275
[17-Mar-2025 14:29:01 UTC] PHP Fatal error:  Uncaught Error: Call to undefined method Database::prepare() in C:\wamp64\www\health-recording-system\app\models\Appointment.php:17
Stack trace:
#0 C:\wamp64\www\health-recording-system\app\controllers\HomeController.php(108): app\models\Appointment->getAppointmentByTrackingNumber('APT-20250320-7D...')
#1 C:\wamp64\www\health-recording-system\app\core\Router.php(73): app\controllers\HomeController->track_appointment()
#2 C:\wamp64\www\health-recording-system\app\core\Router.php(52): app\core\Router->callAction(Object(app\controllers\HomeController), 'track_appointme...')
#3 C:\wamp64\www\health-recording-system\public\index.php(12): app\core\Router->direct('/track-appointm...', 'POST')
#4 {main}
  thrown in C:\wamp64\www\health-recording-system\app\models\Appointment.php on line 17
[17-Mar-2025 14:29:33 UTC] Track appointment request received: {"tracking_number":"APT-20250320-7D3275"}
[17-Mar-2025 14:29:33 UTC] Tracking number: APT-20250320-7D3275
[17-Mar-2025 14:29:33 UTC] PHP Fatal error:  Uncaught Error: Call to undefined method Database::prepare() in C:\wamp64\www\health-recording-system\app\models\Appointment.php:17
Stack trace:
#0 C:\wamp64\www\health-recording-system\app\controllers\HomeController.php(108): app\models\Appointment->getAppointmentByTrackingNumber('APT-20250320-7D...')
#1 C:\wamp64\www\health-recording-system\app\core\Router.php(73): app\controllers\HomeController->track_appointment()
#2 C:\wamp64\www\health-recording-system\app\core\Router.php(52): app\core\Router->callAction(Object(app\controllers\HomeController), 'track_appointme...')
#3 C:\wamp64\www\health-recording-system\public\index.php(12): app\core\Router->direct('/track-appointm...', 'POST')
#4 {main}
  thrown in C:\wamp64\www\health-recording-system\app\models\Appointment.php on line 17
[17-Mar-2025 14:31:18 UTC] Track appointment request received: {"tracking_number":"APT-20250320-7D3275"}
[17-Mar-2025 14:31:18 UTC] Tracking number: APT-20250320-7D3275
[17-Mar-2025 14:31:18 UTC] PHP Fatal error:  Uncaught Error: Call to undefined method Database::prepare() in C:\wamp64\www\health-recording-system\app\models\Appointment.php:17
Stack trace:
#0 C:\wamp64\www\health-recording-system\app\controllers\HomeController.php(108): app\models\Appointment->getAppointmentByTrackingNumber('APT-20250320-7D...')
#1 C:\wamp64\www\health-recording-system\app\core\Router.php(73): app\controllers\HomeController->track_appointment()
#2 C:\wamp64\www\health-recording-system\app\core\Router.php(52): app\core\Router->callAction(Object(app\controllers\HomeController), 'track_appointme...')
#3 C:\wamp64\www\health-recording-system\public\index.php(12): app\core\Router->direct('/track-appointm...', 'POST')
#4 {main}
  thrown in C:\wamp64\www\health-recording-system\app\models\Appointment.php on line 17
[17-Mar-2025 14:33:23 UTC] Track appointment request received: []
[17-Mar-2025 14:33:23 UTC] Tracking number: 
[17-Mar-2025 14:33:23 UTC] Track appointment request received: []
[17-Mar-2025 14:33:23 UTC] Tracking number: 
[17-Mar-2025 14:33:29 UTC] Track appointment request received: []
[17-Mar-2025 14:33:29 UTC] Tracking number: 
[17-Mar-2025 14:33:43 UTC] Track appointment request received: []
[17-Mar-2025 14:33:43 UTC] Tracking number: 
[17-Mar-2025 14:34:25 UTC] Track appointment request received: []
[17-Mar-2025 14:34:25 UTC] Tracking number: 
[17-Mar-2025 14:34:50 UTC] Track appointment request received: []
[17-Mar-2025 14:34:50 UTC] Tracking number: 
[17-Mar-2025 14:37:38 UTC] Track appointment request received
[17-Mar-2025 14:37:38 UTC] POST data: Array
(
    [tracking_number] => APT-20250320-7D3275
)

[17-Mar-2025 14:37:38 UTC] Raw input: tracking_number=APT-20250320-7D3275
[17-Mar-2025 14:37:38 UTC] Extracted tracking number: "APT-20250320-7D3275"
[17-Mar-2025 14:37:38 UTC] Looking for appointment with tracking number: APT-20250320-7D3275
[17-Mar-2025 14:37:38 UTC] PHP Fatal error:  Uncaught Error: Call to undefined method Database::prepare() in C:\wamp64\www\health-recording-system\app\models\Appointment.php:30
Stack trace:
#0 C:\wamp64\www\health-recording-system\app\controllers\HomeController.php(108): app\models\Appointment->getAppointmentByTrackingNumber('APT-20250320-7D...')
#1 C:\wamp64\www\health-recording-system\app\core\Router.php(73): app\controllers\HomeController->track_appointment()
#2 C:\wamp64\www\health-recording-system\app\core\Router.php(52): app\core\Router->callAction(Object(app\controllers\HomeController), 'track_appointme...')
#3 C:\wamp64\www\health-recording-system\public\index.php(12): app\core\Router->direct('/track-appointm...', 'POST')
#4 {main}
  thrown in C:\wamp64\www\health-recording-system\app\models\Appointment.php on line 30
[17-Mar-2025 14:39:41 UTC] Track appointment request received
[17-Mar-2025 14:39:41 UTC] POST data: Array
(
    [tracking_number] => APT-20250320-7D3275
)

[17-Mar-2025 14:39:41 UTC] Raw input: tracking_number=APT-20250320-7D3275
[17-Mar-2025 14:39:41 UTC] Extracted tracking number: "APT-20250320-7D3275"
[17-Mar-2025 14:39:41 UTC] Looking for appointment with tracking number: APT-20250320-7D3275
[17-Mar-2025 14:39:41 UTC] PHP Fatal error:  Uncaught Error: Call to undefined method Database::prepare() in C:\wamp64\www\health-recording-system\app\models\Appointment.php:30
Stack trace:
#0 C:\wamp64\www\health-recording-system\app\controllers\HomeController.php(124): app\models\Appointment->getAppointmentByTrackingNumber('APT-20250320-7D...')
#1 C:\wamp64\www\health-recording-system\app\core\Router.php(73): app\controllers\HomeController->track_appointment()
#2 C:\wamp64\www\health-recording-system\app\core\Router.php(52): app\core\Router->callAction(Object(app\controllers\HomeController), 'track_appointme...')
#3 C:\wamp64\www\health-recording-system\public\index.php(12): app\core\Router->direct('/track-appointm...', 'POST')
#4 {main}
  thrown in C:\wamp64\www\health-recording-system\app\models\Appointment.php on line 30
[17-Mar-2025 14:41:06 UTC] Track appointment request received
[17-Mar-2025 14:41:06 UTC] POST data: Array
(
    [tracking_number] => APT-20250320-7D3275
)

[17-Mar-2025 14:41:06 UTC] Raw input: tracking_number=APT-20250320-7D3275
[17-Mar-2025 14:41:06 UTC] Extracted tracking number: "APT-20250320-7D3275"
[17-Mar-2025 14:41:06 UTC] Looking for appointment with tracking number: APT-20250320-7D3275
[17-Mar-2025 14:41:06 UTC] PHP Fatal error:  Uncaught Error: Call to undefined method Database::getPdo() in C:\wamp64\www\health-recording-system\app\models\Appointment.php:31
Stack trace:
#0 C:\wamp64\www\health-recording-system\app\controllers\HomeController.php(124): app\models\Appointment->getAppointmentByTrackingNumber('APT-20250320-7D...')
#1 C:\wamp64\www\health-recording-system\app\core\Router.php(73): app\controllers\HomeController->track_appointment()
#2 C:\wamp64\www\health-recording-system\app\core\Router.php(52): app\core\Router->callAction(Object(app\controllers\HomeController), 'track_appointme...')
#3 C:\wamp64\www\health-recording-system\public\index.php(12): app\core\Router->direct('/track-appointm...', 'POST')
#4 {main}
  thrown in C:\wamp64\www\health-recording-system\app\models\Appointment.php on line 31
[17-Mar-2025 14:42:23 UTC] Track appointment request received
[17-Mar-2025 14:42:23 UTC] POST data: Array
(
    [tracking_number] => APT-20250320-7D3275
)

[17-Mar-2025 14:42:23 UTC] Raw input: tracking_number=APT-20250320-7D3275
[17-Mar-2025 14:42:23 UTC] Extracted tracking number: "APT-20250320-7D3275"
[17-Mar-2025 14:42:23 UTC] Looking for appointment with tracking number: APT-20250320-7D3275
[17-Mar-2025 14:42:23 UTC] Database connection structure unknown. Trying direct PDO access.
[17-Mar-2025 14:42:23 UTC] PHP Warning:  Undefined property: app\models\Appointment::$pdo in C:\wamp64\www\health-recording-system\app\models\Appointment.php on line 44
[17-Mar-2025 14:42:23 UTC] PHP Fatal error:  Uncaught Error: Call to a member function prepare() on null in C:\wamp64\www\health-recording-system\app\models\Appointment.php:44
Stack trace:
#0 C:\wamp64\www\health-recording-system\app\controllers\HomeController.php(124): app\models\Appointment->getAppointmentByTrackingNumber('APT-20250320-7D...')
#1 C:\wamp64\www\health-recording-system\app\core\Router.php(73): app\controllers\HomeController->track_appointment()
#2 C:\wamp64\www\health-recording-system\app\core\Router.php(52): app\core\Router->callAction(Object(app\controllers\HomeController), 'track_appointme...')
#3 C:\wamp64\www\health-recording-system\public\index.php(12): app\core\Router->direct('/track-appointm...', 'POST')
#4 {main}
  thrown in C:\wamp64\www\health-recording-system\app\models\Appointment.php on line 44
[17-Mar-2025 14:44:03 UTC] Track appointment request received
[17-Mar-2025 14:44:03 UTC] POST data: Array
(
    [tracking_number] => APT-20250320-7D3275
)

[17-Mar-2025 14:44:03 UTC] Raw input: tracking_number=APT-20250320-7D3275
[17-Mar-2025 14:44:03 UTC] Extracted tracking number: "APT-20250320-7D3275"
[17-Mar-2025 14:44:03 UTC] Looking for appointment with tracking number: APT-20250320-7D3275
[17-Mar-2025 14:44:03 UTC] Appointment query executed. Result: {"id":1,"patient_id":1,"doctor_id":1,"appointment_date":"2025-03-20","appointment_time":"10:30:00","reason":"Routine checkup","status":"scheduled","tracking_number":"APT-20250320-7D3275","created_at":"2025-03-17 20:58:14","updated_at":"2025-03-17 20:58:29"}
[17-Mar-2025 14:44:03 UTC] PHP Fatal error:  Uncaught Error: Cannot use object of type stdClass as array in C:\wamp64\www\health-recording-system\app\controllers\HomeController.php:151
Stack trace:
#0 C:\wamp64\www\health-recording-system\app\core\Router.php(73): app\controllers\HomeController->track_appointment()
#1 C:\wamp64\www\health-recording-system\app\core\Router.php(52): app\core\Router->callAction(Object(app\controllers\HomeController), 'track_appointme...')
#2 C:\wamp64\www\health-recording-system\public\index.php(12): app\core\Router->direct('/track-appointm...', 'POST')
#3 {main}
  thrown in C:\wamp64\www\health-recording-system\app\controllers\HomeController.php on line 151
[17-Mar-2025 14:45:02 UTC] Track appointment request received
[17-Mar-2025 14:45:02 UTC] POST data: Array
(
    [tracking_number] => APT-20250320-7D3275
)

[17-Mar-2025 14:45:02 UTC] Raw input: tracking_number=APT-20250320-7D3275
[17-Mar-2025 14:45:02 UTC] Extracted tracking number: "APT-20250320-7D3275"
[17-Mar-2025 14:45:02 UTC] Looking for appointment with tracking number: APT-20250320-7D3275
[17-Mar-2025 14:45:02 UTC] Appointment query executed. Result: {"id":1,"patient_id":1,"doctor_id":1,"appointment_date":"2025-03-20","appointment_time":"10:30:00","reason":"Routine checkup","status":"scheduled","tracking_number":"APT-20250320-7D3275","created_at":"2025-03-17 20:58:14","updated_at":"2025-03-17 20:58:29"}
[17-Mar-2025 14:45:02 UTC] Doctor found: {"id":1,"doctor_id":"D1000","first_name":"John","middle_name":"A.","last_name":"Doe","suffix":"MD","specialization":"Cardiology","contact_number":"09171234567","email":"johndoe@example.com","max_appointments_per_day":10,"status":"not-available","default_location":"ROOM 101","profile":"\/images\/john_doe.png","created_at":"2025-03-16 22:28:53","updated_at":"2025-03-17 11:04:41"}
[17-Mar-2025 14:50:21 UTC] Track appointment request received
[17-Mar-2025 14:50:21 UTC] POST data: Array
(
    [tracking_number] => APT-20250322-0CFFC4
)

[17-Mar-2025 14:50:21 UTC] Raw input: tracking_number=APT-20250322-0CFFC4
[17-Mar-2025 14:50:21 UTC] Extracted tracking number: "APT-20250322-0CFFC4"
[17-Mar-2025 14:50:21 UTC] Looking for appointment with tracking number: APT-20250322-0CFFC4
[17-Mar-2025 14:50:21 UTC] Appointment query executed. Result: {"id":2,"patient_id":2,"doctor_id":1,"appointment_date":"2025-03-22","appointment_time":"14:00:00","reason":"Dental consultation","status":"scheduled","tracking_number":"APT-20250322-0CFFC4","created_at":"2025-03-17 22:49:38","updated_at":"2025-03-17 22:49:38"}
[17-Mar-2025 14:50:21 UTC] Doctor found: {"id":1,"doctor_id":"D1000","first_name":"John","middle_name":"A.","last_name":"Doe","suffix":"MD","specialization":"Cardiology","contact_number":"09171234567","email":"johndoe@example.com","max_appointments_per_day":10,"status":"not-available","default_location":"ROOM 101","profile":"\/images\/john_doe.png","created_at":"2025-03-16 22:28:53","updated_at":"2025-03-17 11:04:41"}
[17-Mar-2025 14:50:44 UTC] Track appointment request received
[17-Mar-2025 14:50:44 UTC] POST data: Array
(
    [tracking_number] => APT-20250322-0CFFC4
)

[17-Mar-2025 14:50:44 UTC] Raw input: tracking_number=APT-20250322-0CFFC4
[17-Mar-2025 14:50:44 UTC] Extracted tracking number: "APT-20250322-0CFFC4"
[17-Mar-2025 14:50:44 UTC] Looking for appointment with tracking number: APT-20250322-0CFFC4
[17-Mar-2025 14:50:44 UTC] Appointment query executed. Result: {"id":2,"patient_id":2,"doctor_id":1,"appointment_date":"2025-03-22","appointment_time":"14:00:00","reason":"Dental consultation","status":"cancelled","tracking_number":"APT-20250322-0CFFC4","created_at":"2025-03-17 22:49:38","updated_at":"2025-03-17 22:50:41"}
[17-Mar-2025 14:50:44 UTC] Doctor found: {"id":1,"doctor_id":"D1000","first_name":"John","middle_name":"A.","last_name":"Doe","suffix":"MD","specialization":"Cardiology","contact_number":"09171234567","email":"johndoe@example.com","max_appointments_per_day":10,"status":"not-available","default_location":"ROOM 101","profile":"\/images\/john_doe.png","created_at":"2025-03-16 22:28:53","updated_at":"2025-03-17 11:04:41"}
[17-Mar-2025 14:53:54 UTC] Track appointment request received
[17-Mar-2025 14:53:54 UTC] POST data: Array
(
    [tracking_number] => APT-20250330-94C4DC
)

[17-Mar-2025 14:53:54 UTC] Raw input: tracking_number=APT-20250330-94C4DC
[17-Mar-2025 14:53:54 UTC] Extracted tracking number: "APT-20250330-94C4DC"
[17-Mar-2025 14:53:54 UTC] Looking for appointment with tracking number: APT-20250330-94C4DC
[17-Mar-2025 14:53:54 UTC] Appointment query executed. Result: {"id":4,"patient_id":2,"doctor_id":1,"appointment_date":"2025-03-30","appointment_time":"15:00:00","reason":"Annual checkup","special_instructions":"Patient needs wheelchair access","status":"","tracking_number":"APT-20250330-94C4DC","created_at":"2025-03-17 22:53:26","updated_at":"2025-03-17 22:53:41"}
[17-Mar-2025 14:53:54 UTC] Doctor found: {"id":1,"doctor_id":"D1000","first_name":"John","middle_name":"A.","last_name":"Doe","suffix":"MD","specialization":"Cardiology","contact_number":"09171234567","email":"johndoe@example.com","max_appointments_per_day":10,"status":"not-available","default_location":"ROOM 101","profile":"\/images\/john_doe.png","created_at":"2025-03-16 22:28:53","updated_at":"2025-03-17 11:04:41"}
[17-Mar-2025 14:55:00 UTC] Track appointment request received
[17-Mar-2025 14:55:00 UTC] POST data: Array
(
    [tracking_number] => APT-20250320-7D3275
)

[17-Mar-2025 14:55:00 UTC] Raw input: tracking_number=APT-20250320-7D3275
[17-Mar-2025 14:55:00 UTC] Extracted tracking number: "APT-20250320-7D3275"
[17-Mar-2025 14:55:00 UTC] Looking for appointment with tracking number: APT-20250320-7D3275
[17-Mar-2025 14:55:00 UTC] Appointment query executed. Result: {"id":1,"patient_id":1,"doctor_id":1,"appointment_date":"2025-03-20","appointment_time":"10:30:00","reason":"Routine checkup","special_instructions":null,"status":"scheduled","tracking_number":"APT-20250320-7D3275","created_at":"2025-03-17 20:58:14","updated_at":"2025-03-17 20:58:29"}
[17-Mar-2025 14:55:00 UTC] Doctor found: {"id":1,"doctor_id":"D1000","first_name":"John","middle_name":"A.","last_name":"Doe","suffix":"MD","specialization":"Cardiology","contact_number":"09171234567","email":"johndoe@example.com","max_appointments_per_day":10,"status":"not-available","default_location":"ROOM 101","profile":"\/images\/john_doe.png","created_at":"2025-03-16 22:28:53","updated_at":"2025-03-17 11:04:41"}
[17-Mar-2025 14:55:12 UTC] Track appointment request received
[17-Mar-2025 14:55:12 UTC] POST data: Array
(
    [tracking_number] => APT-20250330-94C4DC
)

[17-Mar-2025 14:55:12 UTC] Raw input: tracking_number=APT-20250330-94C4DC
[17-Mar-2025 14:55:12 UTC] Extracted tracking number: "APT-20250330-94C4DC"
[17-Mar-2025 14:55:12 UTC] Looking for appointment with tracking number: APT-20250330-94C4DC
[17-Mar-2025 14:55:12 UTC] Appointment query executed. Result: {"id":4,"patient_id":2,"doctor_id":1,"appointment_date":"2025-03-30","appointment_time":"15:00:00","reason":"Annual checkup","special_instructions":"Patient needs wheelchair access","status":"pending","tracking_number":"APT-20250330-94C4DC","created_at":"2025-03-17 22:53:26","updated_at":"2025-03-17 22:54:54"}
[17-Mar-2025 14:55:12 UTC] Doctor found: {"id":1,"doctor_id":"D1000","first_name":"John","middle_name":"A.","last_name":"Doe","suffix":"MD","specialization":"Cardiology","contact_number":"09171234567","email":"johndoe@example.com","max_appointments_per_day":10,"status":"not-available","default_location":"ROOM 101","profile":"\/images\/john_doe.png","created_at":"2025-03-16 22:28:53","updated_at":"2025-03-17 11:04:41"}
[17-Mar-2025 14:57:59 UTC] Track appointment request received
[17-Mar-2025 14:57:59 UTC] POST data: Array
(
    [tracking_number] => APT-20250330-94C4DC
)

[17-Mar-2025 14:57:59 UTC] Raw input: tracking_number=APT-20250330-94C4DC
[17-Mar-2025 14:57:59 UTC] Extracted tracking number: "APT-20250330-94C4DC"
[17-Mar-2025 14:57:59 UTC] Looking for appointment with tracking number: APT-20250330-94C4DC
[17-Mar-2025 14:57:59 UTC] Appointment query executed. Result: {"id":4,"patient_id":2,"doctor_id":1,"appointment_date":"2025-03-30","appointment_time":"15:00:00","reason":"Annual checkup","special_instructions":"Patient needs wheelchair access","status":"pending","tracking_number":"APT-20250330-94C4DC","created_at":"2025-03-17 22:53:26","updated_at":"2025-03-17 22:54:54"}
[17-Mar-2025 14:57:59 UTC] Doctor found: {"id":1,"doctor_id":"D1000","first_name":"John","middle_name":"A.","last_name":"Doe","suffix":"MD","specialization":"Cardiology","contact_number":"09171234567","email":"johndoe@example.com","max_appointments_per_day":10,"status":"not-available","default_location":"ROOM 101","profile":"\/images\/john_doe.png","created_at":"2025-03-16 22:28:53","updated_at":"2025-03-17 11:04:41"}
